<?xml version="1.0" encoding="UTF-8"?>
<!-- Generated by org.testng.reporters.JUnitXMLReporter -->
<testsuite ignored="0" hostname="DESKTOP-7D7B94N" failures="1" tests="3" name="Test2" time="59.603" errors="0" timestamp="2022-03-28T16:52:32 IST">
  <testcase classname="TestNg.TestNgListen" name="GetTital" time="0.055">
    <failure type="java.lang.AssertionError" message="expected [ MakeMyTrip] but found [Flight Booking, Flight Tickets Booking at Lowest Airfare | MakeMyTrip]">
      <![CDATA[java.lang.AssertionError: expected [ MakeMyTrip] but found [Flight Booking, Flight Tickets Booking at Lowest Airfare | MakeMyTrip]
at TestNg.TestNgListen.GetTital(TestNgListen.java:37)
at java.base/java.util.ArrayList.forEach(ArrayList.java:1511)
at java.base/java.util.concurrent.FutureTask.run(FutureTask.java:264)
at java.base/java.util.concurrent.ThreadPoolExecutor.runWorker(ThreadPoolExecutor.java:1136)
at java.base/java.util.concurrent.ThreadPoolExecutor$Worker.run(ThreadPoolExecutor.java:635)
at java.base/java.lang.Thread.run(Thread.java:833)
... Removed 24 stack frames]]>
    </failure>
  </testcase> <!-- GetTital -->
  <testcase classname="TestNg.TestNgListen" name="Login" time="0.006"/>
  <testcase classname="TestNg.TestNgListen" name="getIndex" time="0.0">
    <skipped/>
  </testcase> <!-- getIndex -->
</testsuite> <!-- Test2 -->
