<?xml version="1.0" encoding="UTF-8"?>
<!-- Generated by org.testng.reporters.JUnitXMLReporter -->
<testsuite ignored="0" hostname="DESKTOP-7D7B94N" failures="0" tests="7" name="TestNG_basic" time="0.256" errors="0" timestamp="2022-03-23T17:47:13 IST">
  <testcase classname="TestNg.NewTestDE_ON" name="afterpage" time="0.021"/>
  <testcase classname="TestNg.NewTestDE_ON" name="homepage" time="0.003"/>
  <testcase classname="TestNg.NewTestDE_ON" name="sidebar" time="0.002"/>
  <testcase classname="TestNg.NewTest3" name="test1" time="0.004"/>
  <testcase classname="TestNg.NewTest3" name="test2" time="0.004"/>
  <testcase classname="TestNg.NewTest3" name="test3" time="0.004"/>
  <testcase classname="TestNg.NewTest3" name="test4" time="0.003"/>
</testsuite> <!-- TestNG_basic -->
